# JRE version: OpenJDK Runtime Environment (8.0_112-b06) (build 1.8.0_112-release-b06)
# Java VM: OpenJDK 64-Bit Server VM (25.112-b06 mixed mode windows-amd64 compressed oops)
Heap:
 PSYoungGen      total 376832K, used 32284K [0x00000000e0000000, 0x00000000ff180000, 0x0000000100000000)
  eden space 257536K, 9% used [0x00000000e0000000,0x00000000e18b6950,0x00000000efb80000)
  from space 119296K, 5% used [0x00000000f7d00000,0x00000000f83d07b0,0x00000000ff180000)
  to   space 125952K, 0% used [0x00000000efb80000,0x00000000efb80000,0x00000000f7680000)
 ParOldGen       total 292352K, used 161105K [0x00000000a0000000, 0x00000000b1d80000, 0x00000000e0000000)
  object space 292352K, 55% used [0x00000000a0000000,0x00000000a9d54430,0x00000000b1d80000)
 Metaspace       used 93532K, capacity 99526K, committed 99800K, reserved 1136640K
  class space    used 11235K, capacity 12260K, committed 12288K, reserved 1048576K
GC Heap History (10 events):
Event: 624.150 GC heap before
{Heap before GC invocations=63 (full 5):
 PSYoungGen      total 377344K, used 242134K [0x00000000e0000000, 0x0000000100000000, 0x0000000100000000)
  eden space 230400K, 99% used [0x00000000e0000000,0x00000000ee0c7b10,0x00000000ee100000)
  from space 146944K, 8% used [0x00000000ee100000,0x00000000eecadd38,0x00000000f7080000)
  to   space 144384K, 0% used [0x00000000f7300000,0x00000000f7300000,0x0000000100000000)
 ParOldGen       total 292352K, used 155127K [0x00000000a0000000, 0x00000000b1d80000, 0x00000000e0000000)
  object space 292352K, 53% used [0x00000000a0000000,0x00000000a977dda8,0x00000000b1d80000)
 Metaspace       used 92144K, capacity 98036K, committed 98136K, reserved 1134592K
  class space    used 11116K, capacity 12135K, committed 12160K, reserved 1048576K
Event: 624.153 GC heap after
Heap after GC invocations=63 (full 5):
 PSYoungGen      total 371712K, used 96K [0x00000000e0000000, 0x00000000ffa80000, 0x0000000100000000)
  eden space 232960K, 0% used [0x00000000e0000000,0x00000000e0000000,0x00000000ee380000)
  from space 138752K, 0% used [0x00000000f7300000,0x00000000f7318000,0x00000000ffa80000)
  to   space 142848K, 0% used [0x00000000ee380000,0x00000000ee380000,0x00000000f6f00000)
 ParOldGen       total 292352K, used 157481K [0x00000000a0000000, 0x00000000b1d80000, 0x00000000e0000000)
  object space 292352K, 53% used [0x00000000a0000000,0x00000000a99ca568,0x00000000b1d80000)
 Metaspace       used 92144K, capacity 98036K, committed 98136K, reserved 1134592K
  class space    used 11116K, capacity 12135K, committed 12160K, reserved 1048576K
}
Event: 624.180 GC heap before
{Heap before GC invocations=64 (full 5):
 PSYoungGen      total 371712K, used 232238K [0x00000000e0000000, 0x00000000ffa80000, 0x0000000100000000)
  eden space 232960K, 99% used [0x00000000e0000000,0x00000000ee2b39a8,0x00000000ee380000)
  from space 138752K, 0% used [0x00000000f7300000,0x00000000f7318000,0x00000000ffa80000)
  to   space 142848K, 0% used [0x00000000ee380000,0x00000000ee380000,0x00000000f6f00000)
 ParOldGen       total 292352K, used 157481K [0x00000000a0000000, 0x00000000b1d80000, 0x00000000e0000000)
  object space 292352K, 53% used [0x00000000a0000000,0x00000000a99ca568,0x00000000b1d80000)
 Metaspace       used 92155K, capacity 98100K, committed 98136K, reserved 1134592K
  class space    used 11116K, capacity 12135K, committed 12160K, reserved 1048576K
Event: 624.182 GC heap after
Heap after GC invocations=64 (full 5):
 PSYoungGen      total 375808K, used 128K [0x00000000e0000000, 0x00000000fff00000, 0x0000000100000000)
  eden space 232960K, 0% used [0x00000000e0000000,0x00000000e0000000,0x00000000ee380000)
  from space 142848K, 0% used [0x00000000ee380000,0x00000000ee3a0000,0x00000000f6f00000)
  to   space 140288K, 0% used [0x00000000f7600000,0x00000000f7600000,0x00000000fff00000)
 ParOldGen       total 292352K, used 157505K [0x00000000a0000000, 0x00000000b1d80000, 0x00000000e0000000)
  object space 292352K, 53% used [0x00000000a0000000,0x00000000a99d0568,0x00000000b1d80000)
 Metaspace       used 92155K, capacity 98100K, committed 98136K, reserved 1134592K
  class space    used 11116K, capacity 12135K, committed 12160K, reserved 1048576K
}
Event: 639.909 GC heap before
{Heap before GC invocations=65 (full 5):
 PSYoungGen      total 375808K, used 233088K [0x00000000e0000000, 0x00000000fff00000, 0x0000000100000000)
  eden space 232960K, 100% used [0x00000000e0000000,0x00000000ee380000,0x00000000ee380000)
  from space 142848K, 0% used [0x00000000ee380000,0x00000000ee3a0000,0x00000000f6f00000)
  to   space 140288K, 0% used [0x00000000f7600000,0x00000000f7600000,0x00000000fff00000)
 ParOldGen       total 292352K, used 157505K [0x00000000a0000000, 0x00000000b1d80000, 0x00000000e0000000)
  object space 292352K, 53% used [0x00000000a0000000,0x00000000a99d0568,0x00000000b1d80000)
 Metaspace       used 93283K, capacity 99278K, committed 99544K, reserved 1136640K
  class space    used 11209K, capacity 12220K, committed 12288K, reserved 1048576K
Event: 639.917 GC heap after
Heap after GC invocations=65 (full 5):
 PSYoungGen      total 370688K, used 7165K [0x00000000e0000000, 0x00000000ff480000, 0x0000000100000000)
  eden space 241152K, 0% used [0x00000000e0000000,0x00000000e0000000,0x00000000eeb80000)
  from space 129536K, 5% used [0x00000000f7600000,0x00000000f7cff7c8,0x00000000ff480000)
  to   space 135680K, 0% used [0x00000000eeb80000,0x00000000eeb80000,0x00000000f7000000)
 ParOldGen       total 292352K, used 157537K [0x00000000a0000000, 0x00000000b1d80000, 0x00000000e0000000)
  object space 292352K, 53% used [0x00000000a0000000,0x00000000a99d8568,0x00000000b1d80000)
 Metaspace       used 93283K, capacity 99278K, committed 99544K, reserved 1136640K
  class space    used 11209K, capacity 12220K, committed 12288K, reserved 1048576K
}
Event: 643.776 GC heap before
{Heap before GC invocations=66 (full 5):
 PSYoungGen      total 370688K, used 248317K [0x00000000e0000000, 0x00000000ff480000, 0x0000000100000000)
  eden space 241152K, 100% used [0x00000000e0000000,0x00000000eeb80000,0x00000000eeb80000)
  from space 129536K, 5% used [0x00000000f7600000,0x00000000f7cff7c8,0x00000000ff480000)
  to   space 135680K, 0% used [0x00000000eeb80000,0x00000000eeb80000,0x00000000f7000000)
 ParOldGen       total 292352K, used 157537K [0x00000000a0000000, 0x00000000b1d80000, 0x00000000e0000000)
  object space 292352K, 53% used [0x00000000a0000000,0x00000000a99d8568,0x00000000b1d80000)
 Metaspace       used 93447K, capacity 99462K, committed 99544K, reserved 1136640K
  class space    used 11220K, capacity 12260K, committed 12288K, reserved 1048576K
Event: 643.789 GC heap after
Heap after GC invocations=66 (full 5):
 PSYoungGen      total 376832K, used 5939K [0x00000000e0000000, 0x00000000ffd00000, 0x0000000100000000)
  eden space 241152K, 0% used [0x00000000e0000000,0x00000000e0000000,0x00000000eeb80000)
  from space 135680K, 4% used [0x00000000eeb80000,0x00000000ef14cfc0,0x00000000f7000000)
  to   space 131072K, 0% used [0x00000000f7d00000,0x00000000f7d00000,0x00000000ffd00000)
 ParOldGen       total 292352K, used 160712K [0x00000000a0000000, 0x00000000b1d80000, 0x00000000e0000000)
  object space 292352K, 54% used [0x00000000a0000000,0x00000000a9cf23e0,0x00000000b1d80000)
 Metaspace       used 93447K, capacity 99462K, committed 99544K, reserved 1136640K
  class space    used 11220K, capacity 12260K, committed 12288K, reserved 1048576K
}
Event: 649.448 GC heap before
{Heap before GC invocations=67 (full 5):
 PSYoungGen      total 376832K, used 247091K [0x00000000e0000000, 0x00000000ffd00000, 0x0000000100000000)
  eden space 241152K, 100% used [0x00000000e0000000,0x00000000eeb80000,0x00000000eeb80000)
  from space 135680K, 4% used [0x00000000eeb80000,0x00000000ef14cfc0,0x00000000f7000000)
  to   space 131072K, 0% used [0x00000000f7d00000,0x00000000f7d00000,0x00000000ffd00000)
 ParOldGen       total 292352K, used 160712K [0x00000000a0000000, 0x00000000b1d80000, 0x00000000e0000000)
  object space 292352K, 54% used [0x00000000a0000000,0x00000000a9cf23e0,0x00000000b1d80000)
 Metaspace       used 93507K, capacity 99462K, committed 99544K, reserved 1136640K
  class space    used 11231K, capacity 12260K, committed 12288K, reserved 1048576K
Event: 649.455 GC heap after
Heap after GC invocations=67 (full 5):
 PSYoungGen      total 376832K, used 6977K [0x00000000e0000000, 0x00000000ff180000, 0x0000000100000000)
  eden space 257536K, 0% used [0x00000000e0000000,0x00000000e0000000,0x00000000efb80000)
  from space 119296K, 5% used [0x00000000f7d00000,0x00000000f83d07b0,0x00000000ff180000)
  to   space 125952K, 0% used [0x00000000efb80000,0x00000000efb80000,0x00000000f7680000)
 ParOldGen       total 292352K, used 161105K [0x00000000a0000000, 0x00000000b1d80000, 0x00000000e0000000)
  object space 292352K, 55% used [0x00000000a0000000,0x00000000a9d54430,0x00000000b1d80000)
 Metaspace       used 93507K, capacity 99462K, committed 99544K, reserved 1136640K
  class space    used 11231K, capacity 12260K, committed 12288K, reserved 1048576K
}

