# JRE version: OpenJDK Runtime Environment (8.0_112-b06) (build 1.8.0_112-release-b06)
# Java VM: OpenJDK 64-Bit Server VM (25.112-b06 mixed mode windows-amd64 compressed oops)
Heap:
 PSYoungGen      total 404480K, used 41558K [0x00000000e0000000, 0x0000000100000000, 0x0000000100000000)
  eden space 316416K, 0% used [0x00000000e0000000,0x00000000e0000000,0x00000000f3500000)
  from space 88064K, 47% used [0x00000000faa00000,0x00000000fd295bd0,0x0000000100000000)
  to   space 103936K, 0% used [0x00000000f3500000,0x00000000f3500000,0x00000000f9a80000)
 ParOldGen       total 331264K, used 298470K [0x00000000a0000000, 0x00000000b4380000, 0x00000000e0000000)
  object space 331264K, 90% used [0x00000000a0000000,0x00000000b2379b70,0x00000000b4380000)
 Metaspace       used 87268K, capacity 92838K, committed 93056K, reserved 1130496K
  class space    used 10367K, capacity 11247K, committed 11392K, reserved 1048576K
GC Heap History (10 events):
Event: 7482.197 GC heap after
Heap after GC invocations=58 (full 6):
 PSYoungGen      total 443904K, used 17126K [0x00000000e0000000, 0x0000000100000000, 0x0000000100000000)
  eden space 367104K, 0% used [0x00000000e0000000,0x00000000e0000000,0x00000000f6680000)
  from space 76800K, 22% used [0x00000000faf80000,0x00000000fc039af8,0x00000000ffa80000)
  to   space 74752K, 0% used [0x00000000f6680000,0x00000000f6680000,0x00000000faf80000)
 ParOldGen       total 331264K, used 257754K [0x00000000a0000000, 0x00000000b4380000, 0x00000000e0000000)
  object space 331264K, 77% used [0x00000000a0000000,0x00000000afbb6bd8,0x00000000b4380000)
 Metaspace       used 86310K, capacity 91804K, committed 92160K, reserved 1130496K
  class space    used 10292K, capacity 11138K, committed 11264K, reserved 1048576K
}
Event: 7488.549 GC heap before
{Heap before GC invocations=59 (full 6):
 PSYoungGen      total 443904K, used 384230K [0x00000000e0000000, 0x0000000100000000, 0x0000000100000000)
  eden space 367104K, 100% used [0x00000000e0000000,0x00000000f6680000,0x00000000f6680000)
  from space 76800K, 22% used [0x00000000faf80000,0x00000000fc039af8,0x00000000ffa80000)
  to   space 74752K, 0% used [0x00000000f6680000,0x00000000f6680000,0x00000000faf80000)
 ParOldGen       total 331264K, used 257754K [0x00000000a0000000, 0x00000000b4380000, 0x00000000e0000000)
  object space 331264K, 77% used [0x00000000a0000000,0x00000000afbb6bd8,0x00000000b4380000)
 Metaspace       used 86355K, capacity 91906K, committed 92160K, reserved 1130496K
  class space    used 10293K, capacity 11171K, committed 11264K, reserved 1048576K
Event: 7488.609 GC heap after
Heap after GC invocations=59 (full 6):
 PSYoungGen      total 441856K, used 48536K [0x00000000e0000000, 0x0000000100000000, 0x0000000100000000)
  eden space 367104K, 0% used [0x00000000e0000000,0x00000000e0000000,0x00000000f6680000)
  from space 74752K, 64% used [0x00000000f6680000,0x00000000f95e6398,0x00000000faf80000)
  to   space 77312K, 0% used [0x00000000fb480000,0x00000000fb480000,0x0000000100000000)
 ParOldGen       total 331264K, used 257762K [0x00000000a0000000, 0x00000000b4380000, 0x00000000e0000000)
  object space 331264K, 77% used [0x00000000a0000000,0x00000000afbb8bd8,0x00000000b4380000)
 Metaspace       used 86355K, capacity 91906K, committed 92160K, reserved 1130496K
  class space    used 10293K, capacity 11171K, committed 11264K, reserved 1048576K
}
Event: 7490.970 GC heap before
{Heap before GC invocations=60 (full 6):
 PSYoungGen      total 441856K, used 415640K [0x00000000e0000000, 0x0000000100000000, 0x0000000100000000)
  eden space 367104K, 100% used [0x00000000e0000000,0x00000000f6680000,0x00000000f6680000)
  from space 74752K, 64% used [0x00000000f6680000,0x00000000f95e6398,0x00000000faf80000)
  to   space 77312K, 0% used [0x00000000fb480000,0x00000000fb480000,0x0000000100000000)
 ParOldGen       total 331264K, used 257762K [0x00000000a0000000, 0x00000000b4380000, 0x00000000e0000000)
  object space 331264K, 77% used [0x00000000a0000000,0x00000000afbb8bd8,0x00000000b4380000)
 Metaspace       used 86692K, capacity 92270K, committed 92544K, reserved 1130496K
  class space    used 10329K, capacity 11211K, committed 11392K, reserved 1048576K
Event: 7491.043 GC heap after
Heap after GC invocations=60 (full 6):
 PSYoungGen      total 425472K, used 73090K [0x00000000e0000000, 0x0000000100000000, 0x0000000100000000)
  eden space 348160K, 0% used [0x00000000e0000000,0x00000000e0000000,0x00000000f5400000)
  from space 77312K, 94% used [0x00000000fb480000,0x00000000ffbe0a88,0x0000000100000000)
  to   space 88064K, 0% used [0x00000000f5400000,0x00000000f5400000,0x00000000faa00000)
 ParOldGen       total 331264K, used 257762K [0x00000000a0000000, 0x00000000b4380000, 0x00000000e0000000)
  object space 331264K, 77% used [0x00000000a0000000,0x00000000afbb8bd8,0x00000000b4380000)
 Metaspace       used 86692K, capacity 92270K, committed 92544K, reserved 1130496K
  class space    used 10329K, capacity 11211K, committed 11392K, reserved 1048576K
}
Event: 7491.802 GC heap before
{Heap before GC invocations=61 (full 6):
 PSYoungGen      total 425472K, used 421250K [0x00000000e0000000, 0x0000000100000000, 0x0000000100000000)
  eden space 348160K, 100% used [0x00000000e0000000,0x00000000f5400000,0x00000000f5400000)
  from space 77312K, 94% used [0x00000000fb480000,0x00000000ffbe0a88,0x0000000100000000)
  to   space 88064K, 0% used [0x00000000f5400000,0x00000000f5400000,0x00000000faa00000)
 ParOldGen       total 331264K, used 257762K [0x00000000a0000000, 0x00000000b4380000, 0x00000000e0000000)
  object space 331264K, 77% used [0x00000000a0000000,0x00000000afbb8bd8,0x00000000b4380000)
 Metaspace       used 87162K, capacity 92774K, committed 93056K, reserved 1130496K
  class space    used 10366K, capacity 11247K, committed 11392K, reserved 1048576K
Event: 7491.903 GC heap after
Heap after GC invocations=61 (full 6):
 PSYoungGen      total 436224K, used 88040K [0x00000000e0000000, 0x0000000100000000, 0x0000000100000000)
  eden space 348160K, 0% used [0x00000000e0000000,0x00000000e0000000,0x00000000f5400000)
  from space 88064K, 99% used [0x00000000f5400000,0x00000000fa9fa150,0x00000000faa00000)
  to   space 88064K, 0% used [0x00000000faa00000,0x00000000faa00000,0x0000000100000000)
 ParOldGen       total 331264K, used 279218K [0x00000000a0000000, 0x00000000b4380000, 0x00000000e0000000)
  object space 331264K, 84% used [0x00000000a0000000,0x00000000b10acb10,0x00000000b4380000)
 Metaspace       used 87162K, capacity 92774K, committed 93056K, reserved 1130496K
  class space    used 10366K, capacity 11247K, committed 11392K, reserved 1048576K
}
Event: 7499.751 GC heap before
{Heap before GC invocations=62 (full 6):
 PSYoungGen      total 436224K, used 436200K [0x00000000e0000000, 0x0000000100000000, 0x0000000100000000)
  eden space 348160K, 100% used [0x00000000e0000000,0x00000000f5400000,0x00000000f5400000)
  from space 88064K, 99% used [0x00000000f5400000,0x00000000fa9fa150,0x00000000faa00000)
  to   space 88064K, 0% used [0x00000000faa00000,0x00000000faa00000,0x0000000100000000)
 ParOldGen       total 331264K, used 279218K [0x00000000a0000000, 0x00000000b4380000, 0x00000000e0000000)
  object space 331264K, 84% used [0x00000000a0000000,0x00000000b10acb10,0x00000000b4380000)
 Metaspace       used 87268K, capacity 92838K, committed 93056K, reserved 1130496K
  class space    used 10367K, capacity 11247K, committed 11392K, reserved 1048576K
Event: 7499.796 GC heap after
Heap after GC invocations=62 (full 6):
 PSYoungGen      total 404480K, used 41558K [0x00000000e0000000, 0x0000000100000000, 0x0000000100000000)
  eden space 316416K, 0% used [0x00000000e0000000,0x00000000e0000000,0x00000000f3500000)
  from space 88064K, 47% used [0x00000000faa00000,0x00000000fd295bd0,0x0000000100000000)
  to   space 103936K, 0% used [0x00000000f3500000,0x00000000f3500000,0x00000000f9a80000)
 ParOldGen       total 331264K, used 298470K [0x00000000a0000000, 0x00000000b4380000, 0x00000000e0000000)
  object space 331264K, 90% used [0x00000000a0000000,0x00000000b2379b70,0x00000000b4380000)
 Metaspace       used 87268K, capacity 92838K, committed 93056K, reserved 1130496K
  class space    used 10367K, capacity 11247K, committed 11392K, reserved 1048576K
}
Event: 7499.796 GC heap before
{Heap before GC invocations=63 (full 7):
 PSYoungGen      total 404480K, used 41558K [0x00000000e0000000, 0x0000000100000000, 0x0000000100000000)
  eden space 316416K, 0% used [0x00000000e0000000,0x00000000e0000000,0x00000000f3500000)
  from space 88064K, 47% used [0x00000000faa00000,0x00000000fd295bd0,0x0000000100000000)
  to   space 103936K, 0% used [0x00000000f3500000,0x00000000f3500000,0x00000000f9a80000)
 ParOldGen       total 331264K, used 298470K [0x00000000a0000000, 0x00000000b4380000, 0x00000000e0000000)
  object space 331264K, 90% used [0x00000000a0000000,0x00000000b2379b70,0x00000000b4380000)
 Metaspace       used 87268K, capacity 92838K, committed 93056K, reserved 1130496K
  class space    used 10367K, capacity 11247K, committed 11392K, reserved 1048576K

