# JRE version: OpenJDK Runtime Environment (8.0_112-b06) (build 1.8.0_112-release-b06)
# Java VM: OpenJDK 64-Bit Server VM (25.112-b06 mixed mode windows-amd64 compressed oops)
Heap:
 PSYoungGen      total 151040K, used 38884K [0x000000076ab00000, 0x000000077e400000, 0x00000007c0000000)
  eden space 131584K, 14% used [0x000000076ab00000,0x000000076bdfe9a0,0x0000000772b80000)
  from space 19456K, 99% used [0x0000000772b80000,0x0000000773e7a668,0x0000000773e80000)
  to   space 28672K, 0% used [0x000000077c800000,0x000000077c800000,0x000000077e400000)
 ParOldGen       total 87552K, used 52274K [0x00000006c0000000, 0x00000006c5580000, 0x000000076ab00000)
  object space 87552K, 59% used [0x00000006c0000000,0x00000006c330c8d0,0x00000006c5580000)
 Metaspace       used 6336K, capacity 7344K, committed 7552K, reserved 1056768K
  class space    used 577K, capacity 616K, committed 640K, reserved 1048576K
GC Heap History (10 events):
Event: 4.763 GC heap before
{Heap before GC invocations=3 (full 0):
 PSYoungGen      total 38400K, used 38398K [0x000000076ab00000, 0x000000076f600000, 0x00000007c0000000)
  eden space 33280K, 100% used [0x000000076ab00000,0x000000076cb80000,0x000000076cb80000)
  from space 5120K, 99% used [0x000000076d080000,0x000000076d57f8f0,0x000000076d580000)
  to   space 5120K, 0% used [0x000000076cb80000,0x000000076cb80000,0x000000076d080000)
 ParOldGen       total 87552K, used 13469K [0x00000006c0000000, 0x00000006c5580000, 0x000000076ab00000)
  object space 87552K, 15% used [0x00000006c0000000,0x00000006c0d274e8,0x00000006c5580000)
 Metaspace       used 5849K, capacity 7024K, committed 7296K, reserved 1056768K
  class space    used 557K, capacity 616K, committed 640K, reserved 1048576K
Event: 4.789 GC heap after
Heap after GC invocations=3 (full 0):
 PSYoungGen      total 38400K, used 5097K [0x000000076ab00000, 0x000000076f600000, 0x00000007c0000000)
  eden space 33280K, 0% used [0x000000076ab00000,0x000000076ab00000,0x000000076cb80000)
  from space 5120K, 99% used [0x000000076cb80000,0x000000076d07a668,0x000000076d080000)
  to   space 5120K, 0% used [0x000000076f100000,0x000000076f100000,0x000000076f600000)
 ParOldGen       total 87552K, used 20836K [0x00000006c0000000, 0x00000006c5580000, 0x000000076ab00000)
  object space 87552K, 23% used [0x00000006c0000000,0x00000006c1459290,0x00000006c5580000)
 Metaspace       used 5849K, capacity 7024K, committed 7296K, reserved 1056768K
  class space    used 557K, capacity 616K, committed 640K, reserved 1048576K
}
Event: 5.856 GC heap before
{Heap before GC invocations=4 (full 0):
 PSYoungGen      total 38400K, used 38377K [0x000000076ab00000, 0x000000076f600000, 0x00000007c0000000)
  eden space 33280K, 100% used [0x000000076ab00000,0x000000076cb80000,0x000000076cb80000)
  from space 5120K, 99% used [0x000000076cb80000,0x000000076d07a668,0x000000076d080000)
  to   space 5120K, 0% used [0x000000076f100000,0x000000076f100000,0x000000076f600000)
 ParOldGen       total 87552K, used 20836K [0x00000006c0000000, 0x00000006c5580000, 0x000000076ab00000)
  object space 87552K, 23% used [0x00000006c0000000,0x00000006c1459290,0x00000006c5580000)
 Metaspace       used 5916K, capacity 7024K, committed 7296K, reserved 1056768K
  class space    used 557K, capacity 616K, committed 640K, reserved 1048576K
Event: 5.874 GC heap after
Heap after GC invocations=4 (full 0):
 PSYoungGen      total 71680K, used 5097K [0x000000076ab00000, 0x000000076f600000, 0x00000007c0000000)
  eden space 66560K, 0% used [0x000000076ab00000,0x000000076ab00000,0x000000076ec00000)
  from space 5120K, 99% used [0x000000076f100000,0x000000076f5fa668,0x000000076f600000)
  to   space 5120K, 0% used [0x000000076ec00000,0x000000076ec00000,0x000000076f100000)
 ParOldGen       total 87552K, used 26458K [0x00000006c0000000, 0x00000006c5580000, 0x000000076ab00000)
  object space 87552K, 30% used [0x00000006c0000000,0x00000006c19d6828,0x00000006c5580000)
 Metaspace       used 5916K, capacity 7024K, committed 7296K, reserved 1056768K
  class space    used 557K, capacity 616K, committed 640K, reserved 1048576K
}
Event: 7.016 GC heap before
{Heap before GC invocations=5 (full 0):
 PSYoungGen      total 71680K, used 71657K [0x000000076ab00000, 0x000000076f600000, 0x00000007c0000000)
  eden space 66560K, 100% used [0x000000076ab00000,0x000000076ec00000,0x000000076ec00000)
  from space 5120K, 99% used [0x000000076f100000,0x000000076f5fa668,0x000000076f600000)
  to   space 5120K, 0% used [0x000000076ec00000,0x000000076ec00000,0x000000076f100000)
 ParOldGen       total 87552K, used 26458K [0x00000006c0000000, 0x00000006c5580000, 0x000000076ab00000)
  object space 87552K, 30% used [0x00000006c0000000,0x00000006c19d6828,0x00000006c5580000)
 Metaspace       used 6012K, capacity 7088K, committed 7296K, reserved 1056768K
  class space    used 559K, capacity 616K, committed 640K, reserved 1048576K
Event: 7.034 GC heap after
Heap after GC invocations=5 (full 0):
 PSYoungGen      total 71680K, used 5114K [0x000000076ab00000, 0x0000000775000000, 0x00000007c0000000)
  eden space 66560K, 0% used [0x000000076ab00000,0x000000076ab00000,0x000000076ec00000)
  from space 5120K, 99% used [0x000000076ec00000,0x000000076f0feb58,0x000000076f100000)
  to   space 17920K, 0% used [0x0000000773e80000,0x0000000773e80000,0x0000000775000000)
 ParOldGen       total 87552K, used 38045K [0x00000006c0000000, 0x00000006c5580000, 0x000000076ab00000)
  object space 87552K, 43% used [0x00000006c0000000,0x00000006c2527568,0x00000006c5580000)
 Metaspace       used 6012K, capacity 7088K, committed 7296K, reserved 1056768K
  class space    used 559K, capacity 616K, committed 640K, reserved 1048576K
}
Event: 7.401 GC heap before
{Heap before GC invocations=6 (full 0):
 PSYoungGen      total 71680K, used 71663K [0x000000076ab00000, 0x0000000775000000, 0x00000007c0000000)
  eden space 66560K, 99% used [0x000000076ab00000,0x000000076ebfd2f0,0x000000076ec00000)
  from space 5120K, 99% used [0x000000076ec00000,0x000000076f0feb58,0x000000076f100000)
  to   space 17920K, 0% used [0x0000000773e80000,0x0000000773e80000,0x0000000775000000)
 ParOldGen       total 87552K, used 38045K [0x00000006c0000000, 0x00000006c5580000, 0x000000076ab00000)
  object space 87552K, 43% used [0x00000006c0000000,0x00000006c2527568,0x00000006c5580000)
 Metaspace       used 6052K, capacity 7152K, committed 7296K, reserved 1056768K
  class space    used 562K, capacity 616K, committed 640K, reserved 1048576K
Event: 7.419 GC heap after
Heap after GC invocations=6 (full 0):
 PSYoungGen      total 149504K, used 16989K [0x000000076ab00000, 0x0000000775300000, 0x00000007c0000000)
  eden space 131584K, 0% used [0x000000076ab00000,0x000000076ab00000,0x0000000772b80000)
  from space 17920K, 94% used [0x0000000773e80000,0x0000000774f17578,0x0000000775000000)
  to   space 19456K, 0% used [0x0000000772b80000,0x0000000772b80000,0x0000000773e80000)
 ParOldGen       total 87552K, used 38053K [0x00000006c0000000, 0x00000006c5580000, 0x000000076ab00000)
  object space 87552K, 43% used [0x00000006c0000000,0x00000006c2529568,0x00000006c5580000)
 Metaspace       used 6052K, capacity 7152K, committed 7296K, reserved 1056768K
  class space    used 562K, capacity 616K, committed 640K, reserved 1048576K
}
Event: 8.094 GC heap before
{Heap before GC invocations=7 (full 0):
 PSYoungGen      total 149504K, used 148573K [0x000000076ab00000, 0x0000000775300000, 0x00000007c0000000)
  eden space 131584K, 100% used [0x000000076ab00000,0x0000000772b80000,0x0000000772b80000)
  from space 17920K, 94% used [0x0000000773e80000,0x0000000774f17578,0x0000000775000000)
  to   space 19456K, 0% used [0x0000000772b80000,0x0000000772b80000,0x0000000773e80000)
 ParOldGen       total 87552K, used 38053K [0x00000006c0000000, 0x00000006c5580000, 0x000000076ab00000)
  object space 87552K, 43% used [0x00000006c0000000,0x00000006c2529568,0x00000006c5580000)
 Metaspace       used 6121K, capacity 7216K, committed 7296K, reserved 1056768K
  class space    used 563K, capacity 616K, committed 640K, reserved 1048576K
Event: 8.132 GC heap after
Heap after GC invocations=7 (full 0):
 PSYoungGen      total 151040K, used 19433K [0x000000076ab00000, 0x000000077e400000, 0x00000007c0000000)
  eden space 131584K, 0% used [0x000000076ab00000,0x000000076ab00000,0x0000000772b80000)
  from space 19456K, 99% used [0x0000000772b80000,0x0000000773e7a668,0x0000000773e80000)
  to   space 28672K, 0% used [0x000000077c800000,0x000000077c800000,0x000000077e400000)
 ParOldGen       total 87552K, used 52274K [0x00000006c0000000, 0x00000006c5580000, 0x000000076ab00000)
  object space 87552K, 59% used [0x00000006c0000000,0x00000006c330c8d0,0x00000006c5580000)
 Metaspace       used 6121K, capacity 7216K, committed 7296K, reserved 1056768K
  class space    used 563K, capacity 616K, committed 640K, reserved 1048576K
}

