# JRE version: OpenJDK Runtime Environment (8.0_112-b06) (build 1.8.0_112-release-b06)
# Java VM: OpenJDK 64-Bit Server VM (25.112-b06 mixed mode windows-amd64 compressed oops)
Heap:
 PSYoungGen      total 291328K, used 148984K [0x000000076ab00000, 0x0000000785d80000, 0x00000007c0000000)
  eden space 198144K, 28% used [0x000000076ab00000,0x000000076e17e280,0x0000000776c80000)
  from space 93184K, 99% used [0x000000077e180000,0x0000000783c7fee0,0x0000000783c80000)
  to   space 119808K, 0% used [0x0000000776c80000,0x0000000776c80000,0x000000077e180000)
 ParOldGen       total 200704K, used 113361K [0x00000006c0000000, 0x00000006cc400000, 0x000000076ab00000)
  object space 200704K, 56% used [0x00000006c0000000,0x00000006c6eb4520,0x00000006cc400000)
 Metaspace       used 6128K, capacity 7152K, committed 7296K, reserved 1056768K
  class space    used 581K, capacity 616K, committed 640K, reserved 1048576K
GC Heap History (10 events):
Event: 7.331 GC heap before
{Heap before GC invocations=7 (full 1):
 PSYoungGen      total 138240K, used 133120K [0x000000076ab00000, 0x0000000773700000, 0x00000007c0000000)
  eden space 133120K, 100% used [0x000000076ab00000,0x0000000772d00000,0x0000000772d00000)
  from space 5120K, 0% used [0x0000000773200000,0x0000000773200000,0x0000000773700000)
  to   space 5120K, 0% used [0x0000000772d00000,0x0000000772d00000,0x0000000773200000)
 ParOldGen       total 157184K, used 82723K [0x00000006c0000000, 0x00000006c9980000, 0x000000076ab00000)
  object space 157184K, 52% used [0x00000006c0000000,0x00000006c50c8cf8,0x00000006c9980000)
 Metaspace       used 6001K, capacity 7152K, committed 7296K, reserved 1056768K
  class space    used 562K, capacity 616K, committed 640K, reserved 1048576K
Event: 7.422 GC heap after
Heap after GC invocations=7 (full 1):
 PSYoungGen      total 138240K, used 5099K [0x000000076ab00000, 0x000000077d900000, 0x00000007c0000000)
  eden space 133120K, 0% used [0x000000076ab00000,0x000000076ab00000,0x0000000772d00000)
  from space 5120K, 99% used [0x0000000772d00000,0x00000007731fad80,0x0000000773200000)
  to   space 54272K, 0% used [0x000000077a400000,0x000000077a400000,0x000000077d900000)
 ParOldGen       total 157184K, used 131285K [0x00000006c0000000, 0x00000006c9980000, 0x000000076ab00000)
  object space 157184K, 83% used [0x00000006c0000000,0x00000006c8035540,0x00000006c9980000)
 Metaspace       used 6001K, capacity 7152K, committed 7296K, reserved 1056768K
  class space    used 562K, capacity 616K, committed 640K, reserved 1048576K
}
Event: 7.422 GC heap before
{Heap before GC invocations=8 (full 2):
 PSYoungGen      total 138240K, used 5099K [0x000000076ab00000, 0x000000077d900000, 0x00000007c0000000)
  eden space 133120K, 0% used [0x000000076ab00000,0x000000076ab00000,0x0000000772d00000)
  from space 5120K, 99% used [0x0000000772d00000,0x00000007731fad80,0x0000000773200000)
  to   space 54272K, 0% used [0x000000077a400000,0x000000077a400000,0x000000077d900000)
 ParOldGen       total 157184K, used 131285K [0x00000006c0000000, 0x00000006c9980000, 0x000000076ab00000)
  object space 157184K, 83% used [0x00000006c0000000,0x00000006c8035540,0x00000006c9980000)
 Metaspace       used 6001K, capacity 7152K, committed 7296K, reserved 1056768K
  class space    used 562K, capacity 616K, committed 640K, reserved 1048576K
Event: 8.025 GC heap after
Heap after GC invocations=8 (full 2):
 PSYoungGen      total 138240K, used 0K [0x000000076ab00000, 0x000000077d900000, 0x00000007c0000000)
  eden space 133120K, 0% used [0x000000076ab00000,0x000000076ab00000,0x0000000772d00000)
  from space 5120K, 0% used [0x0000000772d00000,0x0000000772d00000,0x0000000773200000)
  to   space 54272K, 0% used [0x000000077a400000,0x000000077a400000,0x000000077d900000)
 ParOldGen       total 200704K, used 71643K [0x00000006c0000000, 0x00000006cc400000, 0x000000076ab00000)
  object space 200704K, 35% used [0x00000006c0000000,0x00000006c45f6e50,0x00000006cc400000)
 Metaspace       used 6001K, capacity 7152K, committed 7296K, reserved 1056768K
  class space    used 562K, capacity 616K, committed 640K, reserved 1048576K
}
Event: 8.634 GC heap before
{Heap before GC invocations=9 (full 2):
 PSYoungGen      total 138240K, used 133120K [0x000000076ab00000, 0x000000077d900000, 0x00000007c0000000)
  eden space 133120K, 100% used [0x000000076ab00000,0x0000000772d00000,0x0000000772d00000)
  from space 5120K, 0% used [0x0000000772d00000,0x0000000772d00000,0x0000000773200000)
  to   space 54272K, 0% used [0x000000077a400000,0x000000077a400000,0x000000077d900000)
 ParOldGen       total 200704K, used 71643K [0x00000006c0000000, 0x00000006cc400000, 0x000000076ab00000)
  object space 200704K, 35% used [0x00000006c0000000,0x00000006c45f6e50,0x00000006cc400000)
 Metaspace       used 6004K, capacity 7152K, committed 7296K, reserved 1056768K
  class space    used 562K, capacity 616K, committed 640K, reserved 1048576K
Event: 8.676 GC heap after
Heap after GC invocations=9 (full 2):
 PSYoungGen      total 227328K, used 54266K [0x000000076ab00000, 0x000000077e000000, 0x00000007c0000000)
  eden space 173056K, 0% used [0x000000076ab00000,0x000000076ab00000,0x0000000775400000)
  from space 54272K, 99% used [0x000000077a400000,0x000000077d8fe8d0,0x000000077d900000)
  to   space 71680K, 0% used [0x0000000775400000,0x0000000775400000,0x0000000779a00000)
 ParOldGen       total 200704K, used 80717K [0x00000006c0000000, 0x00000006cc400000, 0x000000076ab00000)
  object space 200704K, 40% used [0x00000006c0000000,0x00000006c4ed37c0,0x00000006cc400000)
 Metaspace       used 6004K, capacity 7152K, committed 7296K, reserved 1056768K
  class space    used 562K, capacity 616K, committed 640K, reserved 1048576K
}
Event: 9.288 GC heap before
{Heap before GC invocations=10 (full 2):
 PSYoungGen      total 227328K, used 227322K [0x000000076ab00000, 0x000000077e000000, 0x00000007c0000000)
  eden space 173056K, 100% used [0x000000076ab00000,0x0000000775400000,0x0000000775400000)
  from space 54272K, 99% used [0x000000077a400000,0x000000077d8fe8d0,0x000000077d900000)
  to   space 71680K, 0% used [0x0000000775400000,0x0000000775400000,0x0000000779a00000)
 ParOldGen       total 200704K, used 80717K [0x00000006c0000000, 0x00000006cc400000, 0x000000076ab00000)
  object space 200704K, 40% used [0x00000006c0000000,0x00000006c4ed37c0,0x00000006cc400000)
 Metaspace       used 6018K, capacity 7152K, committed 7296K, reserved 1056768K
  class space    used 562K, capacity 616K, committed 640K, reserved 1048576K
Event: 9.367 GC heap after
Heap after GC invocations=10 (full 2):
 PSYoungGen      total 244736K, used 71658K [0x000000076ab00000, 0x0000000783c80000, 0x00000007c0000000)
  eden space 173056K, 0% used [0x000000076ab00000,0x000000076ab00000,0x0000000775400000)
  from space 71680K, 99% used [0x0000000775400000,0x00000007799fabf0,0x0000000779a00000)
  to   space 93184K, 0% used [0x000000077e180000,0x000000077e180000,0x0000000783c80000)
 ParOldGen       total 200704K, used 93176K [0x00000006c0000000, 0x00000006cc400000, 0x000000076ab00000)
  object space 200704K, 46% used [0x00000006c0000000,0x00000006c5afe318,0x00000006cc400000)
 Metaspace       used 6018K, capacity 7152K, committed 7296K, reserved 1056768K
  class space    used 562K, capacity 616K, committed 640K, reserved 1048576K
}
Event: 10.172 GC heap before
{Heap before GC invocations=11 (full 2):
 PSYoungGen      total 244736K, used 244714K [0x000000076ab00000, 0x0000000783c80000, 0x00000007c0000000)
  eden space 173056K, 100% used [0x000000076ab00000,0x0000000775400000,0x0000000775400000)
  from space 71680K, 99% used [0x0000000775400000,0x00000007799fabf0,0x0000000779a00000)
  to   space 93184K, 0% used [0x000000077e180000,0x000000077e180000,0x0000000783c80000)
 ParOldGen       total 200704K, used 93176K [0x00000006c0000000, 0x00000006cc400000, 0x000000076ab00000)
  object space 200704K, 46% used [0x00000006c0000000,0x00000006c5afe318,0x00000006cc400000)
 Metaspace       used 6122K, capacity 7152K, committed 7296K, reserved 1056768K
  class space    used 581K, capacity 616K, committed 640K, reserved 1048576K
Event: 10.306 GC heap after
Heap after GC invocations=11 (full 2):
 PSYoungGen      total 291328K, used 93183K [0x000000076ab00000, 0x0000000785d80000, 0x00000007c0000000)
  eden space 198144K, 0% used [0x000000076ab00000,0x000000076ab00000,0x0000000776c80000)
  from space 93184K, 99% used [0x000000077e180000,0x0000000783c7fee0,0x0000000783c80000)
  to   space 119808K, 0% used [0x0000000776c80000,0x0000000776c80000,0x000000077e180000)
 ParOldGen       total 200704K, used 113361K [0x00000006c0000000, 0x00000006cc400000, 0x000000076ab00000)
  object space 200704K, 56% used [0x00000006c0000000,0x00000006c6eb4520,0x00000006cc400000)
 Metaspace       used 6122K, capacity 7152K, committed 7296K, reserved 1056768K
  class space    used 581K, capacity 616K, committed 640K, reserved 1048576K
}

